nohup: ignoring input
Connected
[0mGET / [36m304 [0m5.641 ms - -[0m
[0mGET /javascripts/comments.js [36m304 [0m1.619 ms - -[0m
[0mGET /stylesheets/style.css [36m304 [0m0.825 ms - -[0m
in GET /riddles with  {}
sending back  [ { _id: 5bedde5ef52c810c80b2842b,
    Riddle: 'It is greater than God and more evil than the devil. The poor have it, the rich need it and if you eat it you’ll die. What is it?',
    Answer: 'Nothing.',
    DateCreated: 1542315614551,
    Correct: 6,
    Wrong: 3,
    UserAnswer: '',
    DisplayAnswer: 0,
    __v: 0 },
  { _id: 5bedde8af52c810c80b2842e,
    Riddle: 'I am the beginning of the end, and the end of time and space. I am essential to creation, and I surround every place. What am I?',
    Answer: 'The letter e. End, timE, spacE, Every placE',
    DateCreated: 1542315658097,
    Correct: 7,
    Wrong: 2,
    UserAnswer: '',
    DisplayAnswer: 0,
    __v: 0 },
  { _id: 5bedde9cf52c810c80b2842f,
    Riddle: 'What always runs but never walks, often murmurs, never talks, has a bed but never sleeps, has a mouth but never eats?',
    Answer: 'A river.',
    DateCreated: 1542315676635,
    Correct: 8,
    Wrong: 1,
    UserAnswer: '',
    DisplayAnswer: 0,
    __v: 0 },
  { _id: 5beddeb1f52c810c80b28430,
    Riddle: 'At night they come without being fetched. By day they are lost without being stolen. What are they?',
    Answer: 'The stars.',
    DateCreated: 1542315697187,
    Correct: 9,
    Wrong: 1,
    UserAnswer: '',
    DisplayAnswer: 0,
    __v: 0 },
  { _id: 5bede1f7f0f1440d85f9a250,
    Riddle: 'It walks on four legs in the morning, two legs at noon and three legs in the evening. What is it?',
    Answer: 'Man',
    DateCreated: 1542316535599,
    Correct: 3,
    Wrong: 4,
    UserAnswer: '',
    DisplayAnswer: 0,
    __v: 0 },
  { _id: 5bede218f0f1440d85f9a252,
    Riddle: 'The one who makes it, sells it. The one who buys it, never uses it. The one that uses it never knows that he’s using it. What is it?',
    Answer: 'A coffin',
    DateCreated: 1542316568214,
    Correct: 3,
    Wrong: 7,
    UserAnswer: '',
    DisplayAnswer: 0,
    __v: 0 },
  { _id: 5bede221f0f1440d85f9a253,
    Riddle: 'The more you have of it, the less you see. What is it?',
    Answer: 'Darkness',
    DateCreated: 1542316577753,
    Correct: 2,
    Wrong: 4,
    UserAnswer: '',
    DisplayAnswer: 0,
    __v: 0 },
  { _id: 5bede22ff0f1440d85f9a254,
    Riddle: 'What has a head, a tail, is brown, and has no legs?',
    Answer: 'A penny',
    DateCreated: 1542316591498,
    Correct: 1,
    Wrong: 3,
    UserAnswer: '',
    DisplayAnswer: 0,
    __v: 0 },
  { _id: 5bede241f0f1440d85f9a255,
    Riddle: 'What English word has three consecutive double letters?',
    Answer: 'Bookkeeper',
    DateCreated: 1542316609460,
    Correct: 8,
    Wrong: 3,
    UserAnswer: '',
    DisplayAnswer: 0,
    __v: 0 },
  { _id: 5bede251f0f1440d85f9a256,
    Riddle: 'What’s black when you get it, red when you use it, and white when you’re all through with it?',
    Answer: 'Charcoal.',
    DateCreated: 1542316625035,
    Correct: 3,
    Wrong: 7.7,
    UserAnswer: '',
    DisplayAnswer: 0,
    __v: 0 } ]
[0mGET /riddles [32m200 [0m42.304 ms - 2590[0m
[0mGET /addRiddle.html [36m304 [0m1.292 ms - -[0m
[0mGET /javascripts/comments.js [36m304 [0m1.068 ms - -[0m
[0mGET /stylesheets/addRiddle.css [36m304 [0m1.346 ms - -[0m
in GET /riddles with  {}
sending back  [ { _id: 5bedde5ef52c810c80b2842b,
    Riddle: 'It is greater than God and more evil than the devil. The poor have it, the rich need it and if you eat it you’ll die. What is it?',
    Answer: 'Nothing.',
    DateCreated: 1542315614551,
    Correct: 6,
    Wrong: 3,
    UserAnswer: '',
    DisplayAnswer: 0,
    __v: 0 },
  { _id: 5bedde8af52c810c80b2842e,
    Riddle: 'I am the beginning of the end, and the end of time and space. I am essential to creation, and I surround every place. What am I?',
    Answer: 'The letter e. End, timE, spacE, Every placE',
    DateCreated: 1542315658097,
    Correct: 7,
    Wrong: 2,
    UserAnswer: '',
    DisplayAnswer: 0,
    __v: 0 },
  { _id: 5bedde9cf52c810c80b2842f,
    Riddle: 'What always runs but never walks, often murmurs, never talks, has a bed but never sleeps, has a mouth but never eats?',
    Answer: 'A river.',
    DateCreated: 1542315676635,
    Correct: 8,
    Wrong: 1,
    UserAnswer: '',
    DisplayAnswer: 0,
    __v: 0 },
  { _id: 5beddeb1f52c810c80b28430,
    Riddle: 'At night they come without being fetched. By day they are lost without being stolen. What are they?',
    Answer: 'The stars.',
    DateCreated: 1542315697187,
    Correct: 9,
    Wrong: 1,
    UserAnswer: '',
    DisplayAnswer: 0,
    __v: 0 },
  { _id: 5bede1f7f0f1440d85f9a250,
    Riddle: 'It walks on four legs in the morning, two legs at noon and three legs in the evening. What is it?',
    Answer: 'Man',
    DateCreated: 1542316535599,
    Correct: 3,
    Wrong: 4,
    UserAnswer: '',
    DisplayAnswer: 0,
    __v: 0 },
  { _id: 5bede218f0f1440d85f9a252,
    Riddle: 'The one who makes it, sells it. The one who buys it, never uses it. The one that uses it never knows that he’s using it. What is it?',
    Answer: 'A coffin',
    DateCreated: 1542316568214,
    Correct: 3,
    Wrong: 7,
    UserAnswer: '',
    DisplayAnswer: 0,
    __v: 0 },
  { _id: 5bede221f0f1440d85f9a253,
    Riddle: 'The more you have of it, the less you see. What is it?',
    Answer: 'Darkness',
    DateCreated: 1542316577753,
    Correct: 2,
    Wrong: 4,
    UserAnswer: '',
    DisplayAnswer: 0,
    __v: 0 },
  { _id: 5bede22ff0f1440d85f9a254,
    Riddle: 'What has a head, a tail, is brown, and has no legs?',
    Answer: 'A penny',
    DateCreated: 1542316591498,
    Correct: 1,
    Wrong: 3,
    UserAnswer: '',
    DisplayAnswer: 0,
    __v: 0 },
  { _id: 5bede241f0f1440d85f9a255,
    Riddle: 'What English word has three consecutive double letters?',
    Answer: 'Bookkeeper',
    DateCreated: 1542316609460,
    Correct: 8,
    Wrong: 3,
    UserAnswer: '',
    DisplayAnswer: 0,
    __v: 0 },
  { _id: 5bede251f0f1440d85f9a256,
    Riddle: 'What’s black when you get it, red when you use it, and white when you’re all through with it?',
    Answer: 'Charcoal.',
    DateCreated: 1542316625035,
    Correct: 3,
    Wrong: 7.7,
    UserAnswer: '',
    DisplayAnswer: 0,
    __v: 0 } ]
[0mGET /riddles [32m200 [0m37.280 ms - 2590[0m
in POST /riddles with  { Riddle: 'I know a word of letters three. Add two, and fewer there will be!',
  Answer: 'Few',
  DateCreated: '1542317281762',
  Correct: '0',
  Wrong: '0',
  UserAnswer: '',
  DisplayAnswer: '0' }
sending back  { _id: 5bede4e18703ed0e93ffc43e,
  Riddle: 'I know a word of letters three. Add two, and fewer there will be!',
  Answer: 'Few',
  DateCreated: 1542317281762,
  Correct: 0,
  Wrong: 0,
  UserAnswer: '',
  DisplayAnswer: 0,
  __v: 0 }
[0mPOST /riddles [32m200 [0m37.365 ms - 218[0m
[0mGET /index.html [32m200 [0m3.594 ms - 2029[0m
[0mGET /javascripts/comments.js [36m304 [0m0.717 ms - -[0m
[0mGET /stylesheets/style.css [36m304 [0m0.994 ms - -[0m
in GET /riddles with  {}
sending back  [ { _id: 5bedde5ef52c810c80b2842b,
    Riddle: 'It is greater than God and more evil than the devil. The poor have it, the rich need it and if you eat it you’ll die. What is it?',
    Answer: 'Nothing.',
    DateCreated: 1542315614551,
    Correct: 6,
    Wrong: 3,
    UserAnswer: '',
    DisplayAnswer: 0,
    __v: 0 },
  { _id: 5bedde8af52c810c80b2842e,
    Riddle: 'I am the beginning of the end, and the end of time and space. I am essential to creation, and I surround every place. What am I?',
    Answer: 'The letter e. End, timE, spacE, Every placE',
    DateCreated: 1542315658097,
    Correct: 7,
    Wrong: 2,
    UserAnswer: '',
    DisplayAnswer: 0,
    __v: 0 },
  { _id: 5bedde9cf52c810c80b2842f,
    Riddle: 'What always runs but never walks, often murmurs, never talks, has a bed but never sleeps, has a mouth but never eats?',
    Answer: 'A river.',
    DateCreated: 1542315676635,
    Correct: 8,
    Wrong: 1,
    UserAnswer: '',
    DisplayAnswer: 0,
    __v: 0 },
  { _id: 5beddeb1f52c810c80b28430,
    Riddle: 'At night they come without being fetched. By day they are lost without being stolen. What are they?',
    Answer: 'The stars.',
    DateCreated: 1542315697187,
    Correct: 9,
    Wrong: 1,
    UserAnswer: '',
    DisplayAnswer: 0,
    __v: 0 },
  { _id: 5bede1f7f0f1440d85f9a250,
    Riddle: 'It walks on four legs in the morning, two legs at noon and three legs in the evening. What is it?',
    Answer: 'Man',
    DateCreated: 1542316535599,
    Correct: 3,
    Wrong: 4,
    UserAnswer: '',
    DisplayAnswer: 0,
    __v: 0 },
  { _id: 5bede218f0f1440d85f9a252,
    Riddle: 'The one who makes it, sells it. The one who buys it, never uses it. The one that uses it never knows that he’s using it. What is it?',
    Answer: 'A coffin',
    DateCreated: 1542316568214,
    Correct: 3,
    Wrong: 7,
    UserAnswer: '',
    DisplayAnswer: 0,
    __v: 0 },
  { _id: 5bede221f0f1440d85f9a253,
    Riddle: 'The more you have of it, the less you see. What is it?',
    Answer: 'Darkness',
    DateCreated: 1542316577753,
    Correct: 2,
    Wrong: 4,
    UserAnswer: '',
    DisplayAnswer: 0,
    __v: 0 },
  { _id: 5bede22ff0f1440d85f9a254,
    Riddle: 'What has a head, a tail, is brown, and has no legs?',
    Answer: 'A penny',
    DateCreated: 1542316591498,
    Correct: 1,
    Wrong: 3,
    UserAnswer: '',
    DisplayAnswer: 0,
    __v: 0 },
  { _id: 5bede241f0f1440d85f9a255,
    Riddle: 'What English word has three consecutive double letters?',
    Answer: 'Bookkeeper',
    DateCreated: 1542316609460,
    Correct: 8,
    Wrong: 3,
    UserAnswer: '',
    DisplayAnswer: 0,
    __v: 0 },
  { _id: 5bede251f0f1440d85f9a256,
    Riddle: 'What’s black when you get it, red when you use it, and white when you’re all through with it?',
    Answer: 'Charcoal.',
    DateCreated: 1542316625035,
    Correct: 3,
    Wrong: 7.7,
    UserAnswer: '',
    DisplayAnswer: 0,
    __v: 0 },
  { _id: 5bede4e18703ed0e93ffc43e,
    Riddle: 'I know a word of letters three. Add two, and fewer there will be!',
    Answer: 'Few',
    DateCreated: 1542317281762,
    Correct: 0,
    Wrong: 0,
    UserAnswer: '',
    DisplayAnswer: 0,
    __v: 0 } ]
[0mGET /riddles [32m200 [0m10.984 ms - 2809[0m
[0mGET / [36m304 [0m0.467 ms - -[0m
[0mGET /javascripts/comments.js [36m304 [0m1.187 ms - -[0m
[0mGET /stylesheets/style.css [36m304 [0m0.903 ms - -[0m
in GET /riddles with  {}
sending back  [ { _id: 5bedde5ef52c810c80b2842b,
    Riddle: 'It is greater than God and more evil than the devil. The poor have it, the rich need it and if you eat it you’ll die. What is it?',
    Answer: 'Nothing.',
    DateCreated: 1542315614551,
    Correct: 6,
    Wrong: 3,
    UserAnswer: '',
    DisplayAnswer: 0,
    __v: 0 },
  { _id: 5bedde8af52c810c80b2842e,
    Riddle: 'I am the beginning of the end, and the end of time and space. I am essential to creation, and I surround every place. What am I?',
    Answer: 'The letter e. End, timE, spacE, Every placE',
    DateCreated: 1542315658097,
    Correct: 7,
    Wrong: 2,
    UserAnswer: '',
    DisplayAnswer: 0,
    __v: 0 },
  { _id: 5bedde9cf52c810c80b2842f,
    Riddle: 'What always runs but never walks, often murmurs, never talks, has a bed but never sleeps, has a mouth but never eats?',
    Answer: 'A river.',
    DateCreated: 1542315676635,
    Correct: 8,
    Wrong: 1,
    UserAnswer: '',
    DisplayAnswer: 0,
    __v: 0 },
  { _id: 5beddeb1f52c810c80b28430,
    Riddle: 'At night they come without being fetched. By day they are lost without being stolen. What are they?',
    Answer: 'The stars.',
    DateCreated: 1542315697187,
    Correct: 9,
    Wrong: 1,
    UserAnswer: '',
    DisplayAnswer: 0,
    __v: 0 },
  { _id: 5bede1f7f0f1440d85f9a250,
    Riddle: 'It walks on four legs in the morning, two legs at noon and three legs in the evening. What is it?',
    Answer: 'Man',
    DateCreated: 1542316535599,
    Correct: 3,
    Wrong: 4,
    UserAnswer: '',
    DisplayAnswer: 0,
    __v: 0 },
  { _id: 5bede218f0f1440d85f9a252,
    Riddle: 'The one who makes it, sells it. The one who buys it, never uses it. The one that uses it never knows that he’s using it. What is it?',
    Answer: 'A coffin',
    DateCreated: 1542316568214,
    Correct: 3,
    Wrong: 7,
    UserAnswer: '',
    DisplayAnswer: 0,
    __v: 0 },
  { _id: 5bede221f0f1440d85f9a253,
    Riddle: 'The more you have of it, the less you see. What is it?',
    Answer: 'Darkness',
    DateCreated: 1542316577753,
    Correct: 2,
    Wrong: 4,
    UserAnswer: '',
    DisplayAnswer: 0,
    __v: 0 },
  { _id: 5bede22ff0f1440d85f9a254,
    Riddle: 'What has a head, a tail, is brown, and has no legs?',
    Answer: 'A penny',
    DateCreated: 1542316591498,
    Correct: 1,
    Wrong: 3,
    UserAnswer: '',
    DisplayAnswer: 0,
    __v: 0 },
  { _id: 5bede241f0f1440d85f9a255,
    Riddle: 'What English word has three consecutive double letters?',
    Answer: 'Bookkeeper',
    DateCreated: 1542316609460,
    Correct: 8,
    Wrong: 3,
    UserAnswer: '',
    DisplayAnswer: 0,
    __v: 0 },
  { _id: 5bede251f0f1440d85f9a256,
    Riddle: 'What’s black when you get it, red when you use it, and white when you’re all through with it?',
    Answer: 'Charcoal.',
    DateCreated: 1542316625035,
    Correct: 3,
    Wrong: 7.7,
    UserAnswer: '',
    DisplayAnswer: 0,
    __v: 0 },
  { _id: 5bede4e18703ed0e93ffc43e,
    Riddle: 'I know a word of letters three. Add two, and fewer there will be!',
    Answer: 'Few',
    DateCreated: 1542317281762,
    Correct: 0,
    Wrong: 0,
    UserAnswer: '',
    DisplayAnswer: 0,
    __v: 0 } ]
[0mGET /riddles [36m304 [0m12.742 ms - -[0m
[0mGET / [36m304 [0m1.312 ms - -[0m
[0mGET /javascripts/comments.js [36m304 [0m0.630 ms - -[0m
[0mGET /stylesheets/style.css [36m304 [0m0.653 ms - -[0m
in GET /riddles with  {}
sending back  [ { _id: 5bedde5ef52c810c80b2842b,
    Riddle: 'It is greater than God and more evil than the devil. The poor have it, the rich need it and if you eat it you’ll die. What is it?',
    Answer: 'Nothing.',
    DateCreated: 1542315614551,
    Correct: 6,
    Wrong: 3,
    UserAnswer: '',
    DisplayAnswer: 0,
    __v: 0 },
  { _id: 5bedde8af52c810c80b2842e,
    Riddle: 'I am the beginning of the end, and the end of time and space. I am essential to creation, and I surround every place. What am I?',
    Answer: 'The letter e. End, timE, spacE, Every placE',
    DateCreated: 1542315658097,
    Correct: 7,
    Wrong: 2,
    UserAnswer: '',
    DisplayAnswer: 0,
    __v: 0 },
  { _id: 5bedde9cf52c810c80b2842f,
    Riddle: 'What always runs but never walks, often murmurs, never talks, has a bed but never sleeps, has a mouth but never eats?',
    Answer: 'A river.',
    DateCreated: 1542315676635,
    Correct: 8,
    Wrong: 1,
    UserAnswer: '',
    DisplayAnswer: 0,
    __v: 0 },
  { _id: 5beddeb1f52c810c80b28430,
    Riddle: 'At night they come without being fetched. By day they are lost without being stolen. What are they?',
    Answer: 'The stars.',
    DateCreated: 1542315697187,
    Correct: 9,
    Wrong: 1,
    UserAnswer: '',
    DisplayAnswer: 0,
    __v: 0 },
  { _id: 5bede1f7f0f1440d85f9a250,
    Riddle: 'It walks on four legs in the morning, two legs at noon and three legs in the evening. What is it?',
    Answer: 'Man',
    DateCreated: 1542316535599,
    Correct: 3,
    Wrong: 4,
    UserAnswer: '',
    DisplayAnswer: 0,
    __v: 0 },
  { _id: 5bede218f0f1440d85f9a252,
    Riddle: 'The one who makes it, sells it. The one who buys it, never uses it. The one that uses it never knows that he’s using it. What is it?',
    Answer: 'A coffin',
    DateCreated: 1542316568214,
    Correct: 3,
    Wrong: 7,
    UserAnswer: '',
    DisplayAnswer: 0,
    __v: 0 },
  { _id: 5bede221f0f1440d85f9a253,
    Riddle: 'The more you have of it, the less you see. What is it?',
    Answer: 'Darkness',
    DateCreated: 1542316577753,
    Correct: 2,
    Wrong: 4,
    UserAnswer: '',
    DisplayAnswer: 0,
    __v: 0 },
  { _id: 5bede22ff0f1440d85f9a254,
    Riddle: 'What has a head, a tail, is brown, and has no legs?',
    Answer: 'A penny',
    DateCreated: 1542316591498,
    Correct: 1,
    Wrong: 3,
    UserAnswer: '',
    DisplayAnswer: 0,
    __v: 0 },
  { _id: 5bede241f0f1440d85f9a255,
    Riddle: 'What English word has three consecutive double letters?',
    Answer: 'Bookkeeper',
    DateCreated: 1542316609460,
    Correct: 8,
    Wrong: 3,
    UserAnswer: '',
    DisplayAnswer: 0,
    __v: 0 },
  { _id: 5bede251f0f1440d85f9a256,
    Riddle: 'What’s black when you get it, red when you use it, and white when you’re all through with it?',
    Answer: 'Charcoal.',
    DateCreated: 1542316625035,
    Correct: 3,
    Wrong: 7.7,
    UserAnswer: '',
    DisplayAnswer: 0,
    __v: 0 },
  { _id: 5bede4e18703ed0e93ffc43e,
    Riddle: 'I know a word of letters three. Add two, and fewer there will be!',
    Answer: 'Few',
    DateCreated: 1542317281762,
    Correct: 0,
    Wrong: 0,
    UserAnswer: '',
    DisplayAnswer: 0,
    __v: 0 } ]
[0mGET /riddles [32m200 [0m17.498 ms - 2809[0m
